{"/Users/main/Documents/ITMO/web-course/web-project/frontend/src/components/Header/HeaderPhone.tsx": {"path":"/Users/main/Documents/ITMO/web-course/web-project/frontend/src/components/Header/HeaderPhone.tsx","statementMap":{"0":{"start":{"line":1,"column":0},"end":{"line":1,"column":50}},"1":{"start":{"line":2,"column":0},"end":{"line":2,"column":54}},"2":{"start":{"line":3,"column":0},"end":{"line":3,"column":48}},"3":{"start":{"line":6,"column":37},"end":{"line":29,"column":1}},"4":{"start":{"line":7,"column":16},"end":{"line":7,"column":26}},"5":{"start":{"line":8,"column":19},"end":{"line":8,"column":62}},"6":{"start":{"line":10,"column":2},"end":{"line":10,"column":28}},"7":{"start":{"line":10,"column":16},"end":{"line":10,"column":28}},"8":{"start":{"line":12,"column":2},"end":{"line":28,"column":4}},"9":{"start":{"line":6,"column":13},"end":{"line":6,"column":37}}},"fnMap":{"0":{"name":"(anonymous_1)","decl":{"start":{"line":6,"column":37},"end":{"line":6,"column":40}},"loc":{"start":{"line":6,"column":42},"end":{"line":29,"column":1}}}},"branchMap":{"0":{"loc":{"start":{"line":10,"column":2},"end":{"line":10,"column":28}},"type":"if","locations":[{"start":{"line":10,"column":2},"end":{"line":10,"column":28}},{"start":{},"end":{}}]}},"s":{"0":1,"1":1,"2":1,"3":1,"4":6,"5":6,"6":6,"7":0,"8":6,"9":1},"f":{"0":6},"b":{"0":[0,6]}}
,"/Users/main/Documents/ITMO/web-course/web-project/frontend/src/components/HeroBanner/HeroText.tsx": {"path":"/Users/main/Documents/ITMO/web-course/web-project/frontend/src/components/HeroBanner/HeroText.tsx","statementMap":{"0":{"start":{"line":1,"column":0},"end":{"line":1,"column":56}},"1":{"start":{"line":2,"column":0},"end":{"line":2,"column":39}},"2":{"start":{"line":4,"column":0},"end":{"line":4,"column":48}},"3":{"start":{"line":6,"column":18},"end":{"line":6,"column":29}},"4":{"start":{"line":8,"column":17},"end":{"line":12,"column":2}},"5":{"start":{"line":14,"column":27},"end":{"line":102,"column":null}},"6":{"start":{"line":15,"column":2},"end":{"line":101,"column":null}},"7":{"start":{"line":99,"column":4},"end":{"line":99,"column":34}},"8":{"start":{"line":105,"column":0},"end":{"line":105,"column":24}}},"fnMap":{"0":{"name":"(anonymous_1)","decl":{"start":{"line":14,"column":27},"end":{"line":14,"column":30}},"loc":{"start":{"line":15,"column":2},"end":{"line":101,"column":null}}},"1":{"name":"(anonymous_2)","decl":{"start":{"line":98,"column":16},"end":{"line":98,"column":17}},"loc":{"start":{"line":99,"column":4},"end":{"line":99,"column":34}}}},"branchMap":{},"s":{"0":1,"1":1,"2":1,"3":1,"4":1,"5":1,"6":10,"7":30,"8":1},"f":{"0":10,"1":30},"b":{}}
,"/Users/main/Documents/ITMO/web-course/web-project/frontend/src/components/HomePage/HomePage.tsx": {"path":"/Users/main/Documents/ITMO/web-course/web-project/frontend/src/components/HomePage/HomePage.tsx","statementMap":{"0":{"start":{"line":3,"column":0},"end":{"line":3,"column":41}},"1":{"start":{"line":4,"column":0},"end":{"line":4,"column":49}},"2":{"start":{"line":5,"column":0},"end":{"line":5,"column":40}},"3":{"start":{"line":6,"column":0},"end":{"line":6,"column":37}},"4":{"start":{"line":7,"column":27},"end":{"line":16,"column":1}},"5":{"start":{"line":8,"column":2},"end":{"line":15,"column":4}},"6":{"start":{"line":18,"column":0},"end":{"line":18,"column":24}}},"fnMap":{"0":{"name":"(anonymous_1)","decl":{"start":{"line":7,"column":27},"end":{"line":7,"column":30}},"loc":{"start":{"line":7,"column":32},"end":{"line":16,"column":1}}}},"branchMap":{},"s":{"0":1,"1":1,"2":1,"3":1,"4":1,"5":4,"6":1},"f":{"0":4},"b":{}}
,"/Users/main/Documents/ITMO/web-course/web-project/frontend/src/router/AppRouter.tsx": {"path":"/Users/main/Documents/ITMO/web-course/web-project/frontend/src/router/AppRouter.tsx","statementMap":{"0":{"start":{"line":2,"column":0},"end":{"line":2,"column":40}},"1":{"start":{"line":3,"column":0},"end":{"line":3,"column":59}},"2":{"start":{"line":4,"column":0},"end":{"line":4,"column":58}},"3":{"start":{"line":5,"column":0},"end":{"line":5,"column":58}},"4":{"start":{"line":6,"column":0},"end":{"line":6,"column":46}},"5":{"start":{"line":9,"column":21},"end":{"line":9,"column":80}},"6":{"start":{"line":9,"column":37},"end":{"line":9,"column":79}},"7":{"start":{"line":10,"column":27},"end":{"line":10,"column":88}},"8":{"start":{"line":10,"column":43},"end":{"line":10,"column":87}},"9":{"start":{"line":11,"column":22},"end":{"line":11,"column":79}},"10":{"start":{"line":11,"column":38},"end":{"line":11,"column":78}},"11":{"start":{"line":12,"column":27},"end":{"line":12,"column":89}},"12":{"start":{"line":12,"column":43},"end":{"line":12,"column":88}},"13":{"start":{"line":13,"column":28},"end":{"line":13,"column":91}},"14":{"start":{"line":13,"column":44},"end":{"line":13,"column":90}},"15":{"start":{"line":14,"column":23},"end":{"line":14,"column":81}},"16":{"start":{"line":14,"column":39},"end":{"line":14,"column":80}},"17":{"start":{"line":16,"column":28},"end":{"line":53,"column":1}},"18":{"start":{"line":17,"column":2},"end":{"line":52,"column":4}},"19":{"start":{"line":55,"column":0},"end":{"line":55,"column":25}}},"fnMap":{"0":{"name":"(anonymous_10)","decl":{"start":{"line":9,"column":32},"end":{"line":9,"column":35}},"loc":{"start":{"line":9,"column":37},"end":{"line":9,"column":79}}},"1":{"name":"(anonymous_11)","decl":{"start":{"line":9,"column":37},"end":{"line":9,"column":45}},"loc":{"start":{"line":9,"column":37},"end":{"line":9,"column":79}}},"2":{"name":"(anonymous_12)","decl":{"start":{"line":10,"column":38},"end":{"line":10,"column":41}},"loc":{"start":{"line":10,"column":43},"end":{"line":10,"column":87}}},"3":{"name":"(anonymous_13)","decl":{"start":{"line":10,"column":43},"end":{"line":10,"column":51}},"loc":{"start":{"line":10,"column":43},"end":{"line":10,"column":87}}},"4":{"name":"(anonymous_14)","decl":{"start":{"line":11,"column":33},"end":{"line":11,"column":36}},"loc":{"start":{"line":11,"column":38},"end":{"line":11,"column":78}}},"5":{"name":"(anonymous_15)","decl":{"start":{"line":11,"column":38},"end":{"line":11,"column":46}},"loc":{"start":{"line":11,"column":38},"end":{"line":11,"column":78}}},"6":{"name":"(anonymous_16)","decl":{"start":{"line":12,"column":38},"end":{"line":12,"column":41}},"loc":{"start":{"line":12,"column":43},"end":{"line":12,"column":88}}},"7":{"name":"(anonymous_17)","decl":{"start":{"line":12,"column":43},"end":{"line":12,"column":51}},"loc":{"start":{"line":12,"column":43},"end":{"line":12,"column":88}}},"8":{"name":"(anonymous_18)","decl":{"start":{"line":13,"column":39},"end":{"line":13,"column":42}},"loc":{"start":{"line":13,"column":44},"end":{"line":13,"column":90}}},"9":{"name":"(anonymous_19)","decl":{"start":{"line":13,"column":44},"end":{"line":13,"column":52}},"loc":{"start":{"line":13,"column":44},"end":{"line":13,"column":90}}},"10":{"name":"(anonymous_20)","decl":{"start":{"line":14,"column":34},"end":{"line":14,"column":37}},"loc":{"start":{"line":14,"column":39},"end":{"line":14,"column":80}}},"11":{"name":"(anonymous_21)","decl":{"start":{"line":14,"column":39},"end":{"line":14,"column":47}},"loc":{"start":{"line":14,"column":39},"end":{"line":14,"column":80}}},"12":{"name":"(anonymous_22)","decl":{"start":{"line":16,"column":28},"end":{"line":16,"column":31}},"loc":{"start":{"line":16,"column":33},"end":{"line":53,"column":1}}}},"branchMap":{},"s":{"0":1,"1":1,"2":1,"3":1,"4":1,"5":1,"6":2,"7":1,"8":2,"9":1,"10":0,"11":1,"12":0,"13":1,"14":0,"15":1,"16":2,"17":1,"18":15,"19":1},"f":{"0":1,"1":1,"2":1,"3":1,"4":0,"5":0,"6":0,"7":0,"8":0,"9":0,"10":1,"11":1,"12":15},"b":{}}
,"/Users/main/Documents/ITMO/web-course/web-project/frontend/src/store/slices/menuSlice.ts": {"path":"/Users/main/Documents/ITMO/web-course/web-project/frontend/src/store/slices/menuSlice.ts","statementMap":{"0":{"start":{"line":1,"column":0},"end":{"line":1,"column":47}},"1":{"start":{"line":8,"column":32},"end":{"line":10,"column":2}},"2":{"start":{"line":12,"column":18},"end":{"line":23,"column":2}},"3":{"start":{"line":17,"column":6},"end":{"line":17,"column":43}},"4":{"start":{"line":20,"column":6},"end":{"line":20,"column":40}},"5":{"start":{"line":25,"column":13},"end":{"line":25,"column":43}},"6":{"start":{"line":26,"column":0},"end":{"line":26,"column":33}}},"fnMap":{"0":{"name":"(anonymous_0)","decl":{"start":{"line":16,"column":16},"end":{"line":16,"column":17}},"loc":{"start":{"line":16,"column":26},"end":{"line":18,"column":5}}},"1":{"name":"(anonymous_1)","decl":{"start":{"line":19,"column":17},"end":{"line":19,"column":18}},"loc":{"start":{"line":19,"column":59},"end":{"line":21,"column":5}}}},"branchMap":{},"s":{"0":1,"1":1,"2":1,"3":2,"4":2,"5":1,"6":1},"f":{"0":2,"1":2},"b":{}}
}
