{"/Users/main/Documents/ITMO/web-project/frontend/src/components/LoadingSpinner.tsx": {"path":"/Users/main/Documents/ITMO/web-project/frontend/src/components/LoadingSpinner.tsx","statementMap":{"0":{"start":{"line":3,"column":33},"end":{"line":12,"column":1}},"1":{"start":{"line":4,"column":2},"end":{"line":11,"column":4}},"2":{"start":{"line":14,"column":0},"end":{"line":14,"column":30}}},"fnMap":{"0":{"name":"(anonymous_0)","decl":{"start":{"line":3,"column":33},"end":{"line":3,"column":36}},"loc":{"start":{"line":3,"column":38},"end":{"line":12,"column":1}}}},"branchMap":{},"s":{"0":1,"1":5,"2":1},"f":{"0":5},"b":{}}
,"/Users/main/Documents/ITMO/web-project/frontend/src/components/FAQ/FaqSection.tsx": {"path":"/Users/main/Documents/ITMO/web-project/frontend/src/components/FAQ/FaqSection.tsx","statementMap":{"0":{"start":{"line":1,"column":0},"end":{"line":1,"column":51}},"1":{"start":{"line":8,"column":65},"end":{"line":23,"column":1}},"2":{"start":{"line":8,"column":76},"end":{"line":8,"column":81}},"3":{"start":{"line":8,"column":86},"end":{"line":8,"column":90}},"4":{"start":{"line":9,"column":4},"end":{"line":22,"column":6}},"5":{"start":{"line":8,"column":13},"end":{"line":8,"column":65}}},"fnMap":{"0":{"name":"(anonymous_1)","decl":{"start":{"line":8,"column":65},"end":{"line":8,"column":66}},"loc":{"start":{"line":8,"column":92},"end":{"line":23,"column":1}}}},"branchMap":{},"s":{"0":1,"1":1,"2":4,"3":4,"4":4,"5":1},"f":{"0":4},"b":{}}
,"/Users/main/Documents/ITMO/web-project/frontend/src/components/FAQ/PlusIcon.tsx": {"path":"/Users/main/Documents/ITMO/web-project/frontend/src/components/FAQ/PlusIcon.tsx","statementMap":{"0":{"start":{"line":8,"column":42},"end":{"line":27,"column":1}},"1":{"start":{"line":9,"column":4},"end":{"line":26,"column":6}},"2":{"start":{"line":29,"column":0},"end":{"line":29,"column":24}}},"fnMap":{"0":{"name":"(anonymous_0)","decl":{"start":{"line":8,"column":42},"end":{"line":8,"column":43}},"loc":{"start":{"line":8,"column":79},"end":{"line":27,"column":1}}}},"branchMap":{"0":{"loc":{"start":{"line":8,"column":45},"end":{"line":8,"column":62}},"type":"default-arg","locations":[{"start":{"line":8,"column":53},"end":{"line":8,"column":62}}]},"1":{"loc":{"start":{"line":8,"column":64},"end":{"line":8,"column":73}},"type":"default-arg","locations":[{"start":{"line":8,"column":71},"end":{"line":8,"column":73}}]}},"s":{"0":1,"1":7,"2":1},"f":{"0":7},"b":{"0":[6],"1":[6]}}
,"/Users/main/Documents/ITMO/web-project/frontend/src/components/Header/HeaderLogo.tsx": {"path":"/Users/main/Documents/ITMO/web-project/frontend/src/components/Header/HeaderLogo.tsx","statementMap":{"0":{"start":{"line":1,"column":0},"end":{"line":1,"column":48}},"1":{"start":{"line":3,"column":0},"end":{"line":3,"column":40}},"2":{"start":{"line":5,"column":36},"end":{"line":30,"column":null}},"3":{"start":{"line":6,"column":2},"end":{"line":29,"column":null}},"4":{"start":{"line":13,"column":29},"end":{"line":13,"column":116}},"5":{"start":{"line":5,"column":13},"end":{"line":5,"column":36}}},"fnMap":{"0":{"name":"(anonymous_0)","decl":{"start":{"line":5,"column":36},"end":{"line":5,"column":39}},"loc":{"start":{"line":6,"column":2},"end":{"line":29,"column":null}}},"1":{"name":"(anonymous_1)","decl":{"start":{"line":13,"column":18},"end":{"line":13,"column":19}},"loc":{"start":{"line":13,"column":29},"end":{"line":13,"column":116}}}},"branchMap":{},"s":{"0":1,"1":1,"2":1,"3":7,"4":7,"5":1},"f":{"0":7,"1":7},"b":{}}
,"/Users/main/Documents/ITMO/web-project/frontend/src/components/Header/HeaderPhone.tsx": {"path":"/Users/main/Documents/ITMO/web-project/frontend/src/components/Header/HeaderPhone.tsx","statementMap":{"0":{"start":{"line":1,"column":0},"end":{"line":1,"column":50}},"1":{"start":{"line":2,"column":0},"end":{"line":2,"column":54}},"2":{"start":{"line":3,"column":0},"end":{"line":3,"column":48}},"3":{"start":{"line":6,"column":37},"end":{"line":29,"column":1}},"4":{"start":{"line":7,"column":16},"end":{"line":7,"column":26}},"5":{"start":{"line":8,"column":19},"end":{"line":8,"column":62}},"6":{"start":{"line":10,"column":2},"end":{"line":10,"column":28}},"7":{"start":{"line":10,"column":16},"end":{"line":10,"column":28}},"8":{"start":{"line":12,"column":2},"end":{"line":28,"column":4}},"9":{"start":{"line":6,"column":13},"end":{"line":6,"column":37}}},"fnMap":{"0":{"name":"(anonymous_1)","decl":{"start":{"line":6,"column":37},"end":{"line":6,"column":40}},"loc":{"start":{"line":6,"column":42},"end":{"line":29,"column":1}}}},"branchMap":{"0":{"loc":{"start":{"line":10,"column":2},"end":{"line":10,"column":28}},"type":"if","locations":[{"start":{"line":10,"column":2},"end":{"line":10,"column":28}},{"start":{},"end":{}}]}},"s":{"0":1,"1":1,"2":1,"3":1,"4":6,"5":6,"6":6,"7":0,"8":6,"9":1},"f":{"0":6},"b":{"0":[0,6]}}
,"/Users/main/Documents/ITMO/web-project/frontend/src/components/HeroBanner/HeroFeatureItem.tsx": {"path":"/Users/main/Documents/ITMO/web-project/frontend/src/components/HeroBanner/HeroFeatureItem.tsx","statementMap":{"0":{"start":{"line":1,"column":0},"end":{"line":1,"column":55}},"1":{"start":{"line":9,"column":52},"end":{"line":52,"column":null}},"2":{"start":{"line":10,"column":2},"end":{"line":51,"column":null}},"3":{"start":{"line":55,"column":0},"end":{"line":55,"column":31}}},"fnMap":{"0":{"name":"(anonymous_0)","decl":{"start":{"line":9,"column":52},"end":{"line":9,"column":53}},"loc":{"start":{"line":10,"column":2},"end":{"line":51,"column":null}}}},"branchMap":{},"s":{"0":1,"1":1,"2":4,"3":1},"f":{"0":4},"b":{}}
,"/Users/main/Documents/ITMO/web-project/frontend/src/components/HeroBanner/HeroText.tsx": {"path":"/Users/main/Documents/ITMO/web-project/frontend/src/components/HeroBanner/HeroText.tsx","statementMap":{"0":{"start":{"line":1,"column":0},"end":{"line":1,"column":56}},"1":{"start":{"line":2,"column":0},"end":{"line":2,"column":39}},"2":{"start":{"line":4,"column":0},"end":{"line":4,"column":54}},"3":{"start":{"line":5,"column":0},"end":{"line":5,"column":48}},"4":{"start":{"line":7,"column":18},"end":{"line":7,"column":29}},"5":{"start":{"line":9,"column":17},"end":{"line":13,"column":2}},"6":{"start":{"line":15,"column":27},"end":{"line":103,"column":null}},"7":{"start":{"line":16,"column":2},"end":{"line":102,"column":null}},"8":{"start":{"line":100,"column":8},"end":{"line":100,"column":38}},"9":{"start":{"line":106,"column":0},"end":{"line":106,"column":24}}},"fnMap":{"0":{"name":"(anonymous_1)","decl":{"start":{"line":15,"column":27},"end":{"line":15,"column":30}},"loc":{"start":{"line":16,"column":2},"end":{"line":102,"column":null}}},"1":{"name":"(anonymous_2)","decl":{"start":{"line":99,"column":20},"end":{"line":99,"column":21}},"loc":{"start":{"line":100,"column":8},"end":{"line":100,"column":38}}}},"branchMap":{},"s":{"0":1,"1":1,"2":1,"3":1,"4":1,"5":1,"6":1,"7":10,"8":30,"9":1},"f":{"0":10,"1":30},"b":{}}
,"/Users/main/Documents/ITMO/web-project/frontend/src/components/HomePage/HomePage.tsx": {"path":"/Users/main/Documents/ITMO/web-project/frontend/src/components/HomePage/HomePage.tsx","statementMap":{"0":{"start":{"line":2,"column":0},"end":{"line":2,"column":41}},"1":{"start":{"line":3,"column":0},"end":{"line":3,"column":49}},"2":{"start":{"line":4,"column":0},"end":{"line":4,"column":55}},"3":{"start":{"line":5,"column":0},"end":{"line":5,"column":40}},"4":{"start":{"line":6,"column":0},"end":{"line":6,"column":37}},"5":{"start":{"line":8,"column":27},"end":{"line":18,"column":1}},"6":{"start":{"line":9,"column":2},"end":{"line":17,"column":4}},"7":{"start":{"line":20,"column":0},"end":{"line":20,"column":24}}},"fnMap":{"0":{"name":"(anonymous_1)","decl":{"start":{"line":8,"column":27},"end":{"line":8,"column":30}},"loc":{"start":{"line":8,"column":32},"end":{"line":18,"column":1}}}},"branchMap":{},"s":{"0":1,"1":1,"2":1,"3":1,"4":1,"5":1,"6":4,"7":1},"f":{"0":4},"b":{}}
,"/Users/main/Documents/ITMO/web-project/frontend/src/components/Reviews/ImageWithError.tsx": {"path":"/Users/main/Documents/ITMO/web-project/frontend/src/components/Reviews/ImageWithError.tsx","statementMap":{"0":{"start":{"line":1,"column":0},"end":{"line":1,"column":48}},"1":{"start":{"line":2,"column":0},"end":{"line":2,"column":40}},"2":{"start":{"line":11,"column":54},"end":{"line":47,"column":1}},"3":{"start":{"line":12,"column":36},"end":{"line":12,"column":51}},"4":{"start":{"line":14,"column":4},"end":{"line":36,"column":5}},"5":{"start":{"line":15,"column":8},"end":{"line":35,"column":10}},"6":{"start":{"line":38,"column":4},"end":{"line":46,"column":6}},"7":{"start":{"line":44,"column":27},"end":{"line":44,"column":44}},"8":{"start":{"line":49,"column":0},"end":{"line":49,"column":30}}},"fnMap":{"0":{"name":"(anonymous_0)","decl":{"start":{"line":11,"column":54},"end":{"line":11,"column":55}},"loc":{"start":{"line":11,"column":89},"end":{"line":47,"column":1}}},"1":{"name":"(anonymous_1)","decl":{"start":{"line":44,"column":21},"end":{"line":44,"column":24}},"loc":{"start":{"line":44,"column":27},"end":{"line":44,"column":44}}}},"branchMap":{"0":{"loc":{"start":{"line":14,"column":4},"end":{"line":36,"column":5}},"type":"if","locations":[{"start":{"line":14,"column":4},"end":{"line":36,"column":5}},{"start":{},"end":{}}]}},"s":{"0":1,"1":1,"2":1,"3":6,"4":6,"5":1,"6":5,"7":1,"8":1},"f":{"0":6,"1":1},"b":{"0":[1,5]}}
,"/Users/main/Documents/ITMO/web-project/frontend/src/components/Reviews/ReviewsNavigation.tsx": {"path":"/Users/main/Documents/ITMO/web-project/frontend/src/components/Reviews/ReviewsNavigation.tsx","statementMap":{"0":{"start":{"line":1,"column":0},"end":{"line":1,"column":43}},"1":{"start":{"line":2,"column":0},"end":{"line":2,"column":62}},"2":{"start":{"line":3,"column":0},"end":{"line":3,"column":64}},"3":{"start":{"line":11,"column":60},"end":{"line":32,"column":1}},"4":{"start":{"line":12,"column":25},"end":{"line":20,"column":6}},"5":{"start":{"line":22,"column":4},"end":{"line":31,"column":6}},"6":{"start":{"line":34,"column":0},"end":{"line":34,"column":33}}},"fnMap":{"0":{"name":"(anonymous_1)","decl":{"start":{"line":11,"column":60},"end":{"line":11,"column":61}},"loc":{"start":{"line":11,"column":83},"end":{"line":32,"column":1}}}},"branchMap":{},"s":{"0":1,"1":1,"2":1,"3":1,"4":4,"5":4,"6":1},"f":{"0":4},"b":{}}
,"/Users/main/Documents/ITMO/web-project/frontend/src/components/Reviews/ReviewsTitle.tsx": {"path":"/Users/main/Documents/ITMO/web-project/frontend/src/components/Reviews/ReviewsTitle.tsx","statementMap":{"0":{"start":{"line":1,"column":0},"end":{"line":1,"column":43}},"1":{"start":{"line":4,"column":31},"end":{"line":17,"column":null}},"2":{"start":{"line":5,"column":4},"end":{"line":14,"column":null}},"3":{"start":{"line":20,"column":0},"end":{"line":20,"column":28}}},"fnMap":{"0":{"name":"(anonymous_0)","decl":{"start":{"line":4,"column":31},"end":{"line":4,"column":34}},"loc":{"start":{"line":5,"column":4},"end":{"line":14,"column":null}}}},"branchMap":{},"s":{"0":1,"1":1,"2":4,"3":1},"f":{"0":4},"b":{}}
,"/Users/main/Documents/ITMO/web-project/frontend/src/components/footer/FooterBottom.tsx": {"path":"/Users/main/Documents/ITMO/web-project/frontend/src/components/footer/FooterBottom.tsx","statementMap":{"0":{"start":{"line":1,"column":0},"end":{"line":1,"column":63}},"1":{"start":{"line":8,"column":57},"end":{"line":47,"column":1}},"2":{"start":{"line":9,"column":4},"end":{"line":46,"column":6}},"3":{"start":{"line":8,"column":13},"end":{"line":8,"column":57}}},"fnMap":{"0":{"name":"(anonymous_0)","decl":{"start":{"line":8,"column":57},"end":{"line":8,"column":58}},"loc":{"start":{"line":8,"column":77},"end":{"line":47,"column":1}}}},"branchMap":{},"s":{"0":1,"1":1,"2":5,"3":1},"f":{"0":5},"b":{}}
,"/Users/main/Documents/ITMO/web-project/frontend/src/components/footer/FooterLogo.tsx": {"path":"/Users/main/Documents/ITMO/web-project/frontend/src/components/footer/FooterLogo.tsx","statementMap":{"0":{"start":{"line":1,"column":0},"end":{"line":1,"column":68}},"1":{"start":{"line":2,"column":0},"end":{"line":2,"column":60}},"2":{"start":{"line":4,"column":0},"end":{"line":4,"column":52}},"3":{"start":{"line":6,"column":36},"end":{"line":88,"column":1}},"4":{"start":{"line":7,"column":4},"end":{"line":87,"column":6}},"5":{"start":{"line":6,"column":13},"end":{"line":6,"column":36}}},"fnMap":{"0":{"name":"(anonymous_0)","decl":{"start":{"line":6,"column":36},"end":{"line":6,"column":39}},"loc":{"start":{"line":6,"column":41},"end":{"line":88,"column":1}}}},"branchMap":{},"s":{"0":1,"1":1,"2":1,"3":1,"4":5,"5":1},"f":{"0":5},"b":{}}
,"/Users/main/Documents/ITMO/web-project/frontend/src/components/footer/FooterMenu.tsx": {"path":"/Users/main/Documents/ITMO/web-project/frontend/src/components/footer/FooterMenu.tsx","statementMap":{"0":{"start":{"line":1,"column":0},"end":{"line":1,"column":54}},"1":{"start":{"line":3,"column":0},"end":{"line":3,"column":54}},"2":{"start":{"line":13,"column":54},"end":{"line":38,"column":1}},"3":{"start":{"line":14,"column":4},"end":{"line":37,"column":6}},"4":{"start":{"line":21,"column":20},"end":{"line":22,"column":null}},"5":{"start":{"line":13,"column":13},"end":{"line":13,"column":54}}},"fnMap":{"0":{"name":"(anonymous_0)","decl":{"start":{"line":13,"column":54},"end":{"line":13,"column":55}},"loc":{"start":{"line":13,"column":75},"end":{"line":38,"column":1}}},"1":{"name":"(anonymous_1)","decl":{"start":{"line":20,"column":27},"end":{"line":20,"column":28}},"loc":{"start":{"line":21,"column":20},"end":{"line":22,"column":null}}}},"branchMap":{},"s":{"0":1,"1":1,"2":1,"3":4,"4":12,"5":1},"f":{"0":4,"1":12},"b":{}}
,"/Users/main/Documents/ITMO/web-project/frontend/src/constants/contacts.ts": {"path":"/Users/main/Documents/ITMO/web-project/frontend/src/constants/contacts.ts","statementMap":{"0":{"start":{"line":16,"column":13},"end":{"line":34,"column":2}},"1":{"start":{"line":37,"column":13},"end":{"line":40,"column":2}}},"fnMap":{},"branchMap":{},"s":{"0":2,"1":2},"f":{},"b":{}}
,"/Users/main/Documents/ITMO/web-project/frontend/src/router/ProtectedRoute.tsx": {"path":"/Users/main/Documents/ITMO/web-project/frontend/src/router/ProtectedRoute.tsx","statementMap":{"0":{"start":{"line":2,"column":0},"end":{"line":2,"column":44}},"1":{"start":{"line":8,"column":54},"end":{"line":17,"column":1}},"2":{"start":{"line":9,"column":26},"end":{"line":10,"column":50}},"3":{"start":{"line":12,"column":2},"end":{"line":14,"column":3}},"4":{"start":{"line":13,"column":4},"end":{"line":13,"column":50}},"5":{"start":{"line":16,"column":2},"end":{"line":16,"column":18}},"6":{"start":{"line":19,"column":0},"end":{"line":19,"column":30}}},"fnMap":{"0":{"name":"(anonymous_0)","decl":{"start":{"line":8,"column":54},"end":{"line":8,"column":55}},"loc":{"start":{"line":8,"column":71},"end":{"line":17,"column":1}}}},"branchMap":{"0":{"loc":{"start":{"line":9,"column":26},"end":{"line":10,"column":50}},"type":"binary-expr","locations":[{"start":{"line":9,"column":26},"end":{"line":9,"column":70}},{"start":{"line":10,"column":7},"end":{"line":10,"column":50}}]},"1":{"loc":{"start":{"line":12,"column":2},"end":{"line":14,"column":3}},"type":"if","locations":[{"start":{"line":12,"column":2},"end":{"line":14,"column":3}},{"start":{},"end":{}}]}},"s":{"0":1,"1":1,"2":5,"3":5,"4":3,"5":2,"6":1},"f":{"0":5},"b":{"0":[5,3],"1":[3,2]}}
,"/Users/main/Documents/ITMO/web-project/frontend/src/store/slices/menuSlice.ts": {"path":"/Users/main/Documents/ITMO/web-project/frontend/src/store/slices/menuSlice.ts","statementMap":{"0":{"start":{"line":1,"column":0},"end":{"line":1,"column":47}},"1":{"start":{"line":8,"column":32},"end":{"line":10,"column":2}},"2":{"start":{"line":12,"column":18},"end":{"line":23,"column":2}},"3":{"start":{"line":17,"column":6},"end":{"line":17,"column":43}},"4":{"start":{"line":20,"column":6},"end":{"line":20,"column":40}},"5":{"start":{"line":25,"column":13},"end":{"line":25,"column":43}},"6":{"start":{"line":26,"column":0},"end":{"line":26,"column":33}}},"fnMap":{"0":{"name":"(anonymous_0)","decl":{"start":{"line":16,"column":16},"end":{"line":16,"column":17}},"loc":{"start":{"line":16,"column":26},"end":{"line":18,"column":5}}},"1":{"name":"(anonymous_1)","decl":{"start":{"line":19,"column":17},"end":{"line":19,"column":18}},"loc":{"start":{"line":19,"column":59},"end":{"line":21,"column":5}}}},"branchMap":{},"s":{"0":1,"1":1,"2":1,"3":2,"4":2,"5":1,"6":1},"f":{"0":2,"1":2},"b":{}}
,"/Users/main/Documents/ITMO/web-project/frontend/src/theme/theme.ts": {"path":"/Users/main/Documents/ITMO/web-project/frontend/src/theme/theme.ts","statementMap":{"0":{"start":{"line":1,"column":0},"end":{"line":1,"column":51}},"1":{"start":{"line":3,"column":13},"end":{"line":106,"column":3}}},"fnMap":{},"branchMap":{},"s":{"0":2,"1":2},"f":{},"b":{}}
}
