TN:
SF:src/components/LoadingSpinner.tsx
FN:3,(anonymous_0)
FNF:1
FNH:1
FNDA:5,(anonymous_0)
DA:3,1
DA:4,5
DA:14,1
LF:3
LH:3
BRF:0
BRH:0
end_of_record
TN:
SF:src/components/Cart/CartIcon.tsx
FN:5,(anonymous_0)
FN:7,(anonymous_1)
FN:9,(anonymous_2)
FN:13,(anonymous_3)
FNF:4
FNH:4
FNDA:6,(anonymous_0)
FNDA:12,(anonymous_1)
FNDA:4,(anonymous_2)
FNDA:1,(anonymous_3)
DA:2,1
DA:3,1
DA:5,1
DA:6,6
DA:7,12
DA:9,6
DA:11,6
DA:13,1
DA:32,1
LF:9
LH:9
BRDA:22,0,0,6
BRDA:22,0,1,2
BRDA:24,1,0,1
BRDA:24,1,1,1
BRF:4
BRH:4
end_of_record
TN:
SF:src/components/FAQ/AccordionItem.tsx
FN:39,(anonymous_1)
FNF:1
FNH:1
FNDA:3,(anonymous_1)
DA:1,1
DA:2,1
DA:5,1
DA:7,1
DA:19,1
DA:27,1
DA:39,1
DA:40,3
DA:73,1
LF:9
LH:9
BRDA:46,0,0,1
BRDA:46,0,1,2
BRF:2
BRH:2
end_of_record
TN:
SF:src/components/FAQ/FaqSection.tsx
FN:8,(anonymous_1)
FNF:1
FNH:1
FNDA:4,(anonymous_1)
DA:1,1
DA:8,4
DA:9,4
LF:3
LH:3
BRF:0
BRH:0
end_of_record
TN:
SF:src/components/FAQ/PlusIcon.tsx
FN:8,(anonymous_0)
FNF:1
FNH:1
FNDA:10,(anonymous_0)
DA:8,2
DA:9,10
DA:29,2
LF:3
LH:3
BRDA:8,0,0,9
BRDA:8,1,0,9
BRF:2
BRH:2
end_of_record
TN:
SF:src/components/Header/Drawer.tsx
FN:6,(anonymous_1)
FN:8,(anonymous_2)
FN:18,(anonymous_3)
FNF:3
FNH:3
FNDA:8,(anonymous_1)
FNDA:3,(anonymous_2)
FNDA:24,(anonymous_3)
DA:1,1
DA:2,1
DA:3,1
DA:4,1
DA:6,1
DA:7,8
DA:8,8
DA:10,8
DA:19,24
DA:31,1
LF:10
LH:10
BRF:0
BRH:0
end_of_record
TN:
SF:src/components/Header/HeaderLogo.tsx
FN:5,(anonymous_0)
FN:13,(anonymous_1)
FNF:2
FNH:2
FNDA:7,(anonymous_0)
FNDA:7,(anonymous_1)
DA:1,1
DA:3,1
DA:5,1
DA:6,7
DA:13,7
LF:5
LH:5
BRF:0
BRH:0
end_of_record
TN:
SF:src/components/Header/HeaderPhone.tsx
FN:6,(anonymous_1)
FNF:1
FNH:1
FNDA:6,(anonymous_1)
DA:1,1
DA:2,1
DA:3,1
DA:6,1
DA:7,6
DA:8,6
DA:10,6
DA:12,6
LF:8
LH:8
BRDA:10,0,0,0
BRDA:10,0,1,6
BRF:2
BRH:1
end_of_record
TN:
SF:src/components/HeroBanner/HeroFeatureItem.tsx
FN:9,(anonymous_0)
FNF:1
FNH:1
FNDA:4,(anonymous_0)
DA:1,1
DA:9,1
DA:10,4
DA:55,1
LF:4
LH:4
BRF:0
BRH:0
end_of_record
TN:
SF:src/components/HeroBanner/HeroText.tsx
FN:15,(anonymous_1)
FN:99,(anonymous_2)
FNF:2
FNH:2
FNDA:10,(anonymous_1)
FNDA:30,(anonymous_2)
DA:1,1
DA:2,1
DA:4,1
DA:5,1
DA:7,1
DA:9,1
DA:15,1
DA:16,10
DA:100,30
DA:106,1
LF:10
LH:10
BRF:0
BRH:0
end_of_record
TN:
SF:src/components/HomePage/HomePage.tsx
FN:8,(anonymous_1)
FNF:1
FNH:1
FNDA:4,(anonymous_1)
DA:2,1
DA:3,1
DA:4,1
DA:5,1
DA:6,1
DA:8,1
DA:9,4
DA:20,1
LF:8
LH:8
BRF:0
BRH:0
end_of_record
TN:
SF:src/components/Reviews/ImageWithError.tsx
FN:11,(anonymous_0)
FN:44,(anonymous_1)
FNF:2
FNH:2
FNDA:6,(anonymous_0)
FNDA:1,(anonymous_1)
DA:1,1
DA:2,1
DA:11,1
DA:12,6
DA:14,6
DA:15,1
DA:38,5
DA:44,1
DA:49,1
LF:9
LH:9
BRDA:14,0,0,1
BRDA:14,0,1,5
BRF:2
BRH:2
end_of_record
TN:
SF:src/components/Reviews/ReviewsNavigation.tsx
FN:11,(anonymous_1)
FNF:1
FNH:1
FNDA:4,(anonymous_1)
DA:1,1
DA:2,1
DA:3,1
DA:11,1
DA:12,4
DA:22,4
DA:34,1
LF:7
LH:7
BRF:0
BRH:0
end_of_record
TN:
SF:src/components/Reviews/ReviewsTitle.tsx
FN:4,(anonymous_0)
FNF:1
FNH:1
FNDA:4,(anonymous_0)
DA:1,1
DA:4,1
DA:5,4
DA:20,1
LF:4
LH:4
BRF:0
BRH:0
end_of_record
TN:
SF:src/components/Reviews/ViewAllButton.tsx
FN:5,(anonymous_0)
FN:12,(anonymous_1)
FNF:2
FNH:2
FNDA:5,(anonymous_0)
FNDA:1,(anonymous_1)
DA:1,1
DA:3,1
DA:5,1
DA:6,5
DA:8,5
DA:12,1
DA:31,1
LF:7
LH:7
BRF:0
BRH:0
end_of_record
TN:
SF:src/components/footer/FooterBottom.tsx
FN:8,(anonymous_0)
FNF:1
FNH:1
FNDA:5,(anonymous_0)
DA:1,1
DA:8,1
DA:9,5
LF:3
LH:3
BRF:0
BRH:0
end_of_record
TN:
SF:src/components/footer/FooterContacts.tsx
FN:6,(anonymous_0)
FN:35,(anonymous_1)
FNF:2
FNH:2
FNDA:6,(anonymous_0)
FNDA:12,(anonymous_1)
DA:1,1
DA:2,1
DA:4,1
DA:6,1
DA:7,6
DA:36,12
LF:6
LH:6
BRF:0
BRH:0
end_of_record
TN:
SF:src/components/footer/FooterLogo.tsx
FN:6,(anonymous_0)
FNF:1
FNH:1
FNDA:5,(anonymous_0)
DA:1,1
DA:2,1
DA:4,1
DA:6,1
DA:7,5
LF:5
LH:5
BRF:0
BRH:0
end_of_record
TN:
SF:src/components/footer/FooterMenu.tsx
FN:13,(anonymous_0)
FN:20,(anonymous_1)
FNF:2
FNH:2
FNDA:4,(anonymous_0)
FNDA:12,(anonymous_1)
DA:1,1
DA:3,1
DA:13,1
DA:14,4
DA:21,12
LF:5
LH:5
BRF:0
BRH:0
end_of_record
TN:
SF:src/constants/contacts.ts
FNF:0
FNH:0
DA:16,3
DA:37,3
LF:2
LH:2
BRF:0
BRH:0
end_of_record
TN:
SF:src/hooks/redux.ts
FN:5,(anonymous_0)
FNF:1
FNH:1
FNDA:6,(anonymous_0)
DA:1,1
DA:5,6
DA:6,1
LF:3
LH:3
BRF:0
BRH:0
end_of_record
TN:
SF:src/router/ProtectedRoute.tsx
FN:8,(anonymous_0)
FNF:1
FNH:1
FNDA:5,(anonymous_0)
DA:2,1
DA:8,1
DA:9,5
DA:12,5
DA:13,3
DA:16,2
DA:19,1
LF:7
LH:7
BRDA:9,0,0,5
BRDA:9,0,1,3
BRDA:12,1,0,3
BRDA:12,1,1,2
BRF:4
BRH:4
end_of_record
TN:
SF:src/store/slices/cartSlice.ts
FN:18,(anonymous_0)
FN:27,(anonymous_1)
FN:43,(anonymous_2)
FN:44,(anonymous_3)
FN:51,(anonymous_4)
FN:53,(anonymous_5)
FN:65,(anonymous_6)
FN:66,(anonymous_7)
FN:71,(anonymous_8)
FN:73,(anonymous_9)
FN:77,(anonymous_10)
FN:87,(anonymous_11)
FN:93,(anonymous_12)
FN:97,(anonymous_13)
FNF:14
FNH:13
FNDA:2,(anonymous_0)
FNDA:0,(anonymous_1)
FNDA:13,(anonymous_2)
FNDA:9,(anonymous_3)
FNDA:8,(anonymous_4)
FNDA:1,(anonymous_5)
FNDA:1,(anonymous_6)
FNDA:1,(anonymous_7)
FNDA:4,(anonymous_8)
FNDA:3,(anonymous_9)
FNDA:2,(anonymous_10)
FNDA:1,(anonymous_11)
FNDA:3,(anonymous_12)
FNDA:1,(anonymous_13)
DA:1,2
DA:18,2
DA:19,2
DA:21,2
DA:22,2
DA:23,0
DA:24,0
DA:25,0
DA:27,0
DA:28,0
DA:29,0
DA:32,2
DA:35,2
DA:37,2
DA:43,2
DA:44,13
DA:47,2
DA:52,8
DA:53,8
DA:55,8
DA:56,1
DA:58,7
DA:61,8
DA:62,8
DA:66,1
DA:67,1
DA:68,1
DA:72,4
DA:73,4
DA:75,4
DA:76,3
DA:77,2
DA:79,1
DA:83,4
DA:84,4
DA:88,1
DA:89,1
DA:90,1
DA:94,3
DA:98,1
DA:103,2
DA:112,2
LF:42
LH:36
BRDA:19,0,0,0
BRDA:19,0,1,2
BRDA:22,1,0,0
BRDA:22,1,1,2
BRDA:24,2,0,0
BRDA:24,2,1,0
BRDA:27,3,0,0
BRDA:27,3,1,0
BRDA:27,4,0,0
BRDA:27,4,1,0
BRDA:27,5,0,0
BRDA:27,5,1,0
BRDA:28,6,0,0
BRDA:28,6,1,0
BRDA:29,7,0,0
BRDA:29,7,1,0
BRDA:55,8,0,1
BRDA:55,8,1,7
BRDA:75,9,0,3
BRDA:75,9,1,1
BRDA:76,10,0,2
BRDA:76,10,1,1
BRF:22
BRH:8
end_of_record
TN:
SF:src/store/slices/menuSlice.ts
FN:16,(anonymous_0)
FN:19,(anonymous_1)
FNF:2
FNH:2
FNDA:2,(anonymous_0)
FNDA:2,(anonymous_1)
DA:1,1
DA:8,1
DA:12,1
DA:17,2
DA:20,2
DA:25,1
DA:26,1
LF:7
LH:7
BRF:0
BRH:0
end_of_record
TN:
SF:src/theme/theme.ts
FNF:0
FNH:0
DA:1,7
DA:3,7
LF:2
LH:2
BRF:0
BRH:0
end_of_record
