TN:
SF:src/components/Header/HeaderPhone.tsx
FN:6,(anonymous_1)
FNF:1
FNH:1
FNDA:6,(anonymous_1)
DA:1,1
DA:2,1
DA:3,1
DA:6,1
DA:7,6
DA:8,6
DA:10,6
DA:12,6
LF:8
LH:8
BRDA:10,0,0,0
BRDA:10,0,1,6
BRF:2
BRH:1
end_of_record
TN:
SF:src/components/HeroBanner/HeroText.tsx
FN:14,(anonymous_1)
FN:98,(anonymous_2)
FNF:2
FNH:2
FNDA:10,(anonymous_1)
FNDA:30,(anonymous_2)
DA:1,1
DA:2,1
DA:4,1
DA:6,1
DA:8,1
DA:14,1
DA:15,10
DA:99,30
DA:105,1
LF:9
LH:9
BRF:0
BRH:0
end_of_record
TN:
SF:src/components/HomePage/HomePage.tsx
FN:7,(anonymous_1)
FNF:1
FNH:1
FNDA:4,(anonymous_1)
DA:3,1
DA:4,1
DA:5,1
DA:6,1
DA:7,1
DA:8,4
DA:18,1
LF:7
LH:7
BRF:0
BRH:0
end_of_record
TN:
SF:src/router/AppRouter.tsx
FN:9,(anonymous_10)
FN:9,(anonymous_11)
FN:10,(anonymous_12)
FN:10,(anonymous_13)
FN:11,(anonymous_14)
FN:11,(anonymous_15)
FN:12,(anonymous_16)
FN:12,(anonymous_17)
FN:13,(anonymous_18)
FN:13,(anonymous_19)
FN:14,(anonymous_20)
FN:14,(anonymous_21)
FN:16,(anonymous_22)
FNF:13
FNH:7
FNDA:1,(anonymous_10)
FNDA:1,(anonymous_11)
FNDA:1,(anonymous_12)
FNDA:1,(anonymous_13)
FNDA:0,(anonymous_14)
FNDA:0,(anonymous_15)
FNDA:0,(anonymous_16)
FNDA:0,(anonymous_17)
FNDA:0,(anonymous_18)
FNDA:0,(anonymous_19)
FNDA:1,(anonymous_20)
FNDA:1,(anonymous_21)
FNDA:15,(anonymous_22)
DA:2,1
DA:3,1
DA:4,1
DA:5,1
DA:6,1
DA:9,2
DA:10,2
DA:11,1
DA:12,1
DA:13,1
DA:14,2
DA:16,1
DA:17,15
DA:55,1
LF:14
LH:14
BRF:0
BRH:0
end_of_record
TN:
SF:src/store/slices/menuSlice.ts
FN:16,(anonymous_0)
FN:19,(anonymous_1)
FNF:2
FNH:2
FNDA:2,(anonymous_0)
FNDA:2,(anonymous_1)
DA:1,1
DA:8,1
DA:12,1
DA:17,2
DA:20,2
DA:25,1
DA:26,1
LF:7
LH:7
BRF:0
BRH:0
end_of_record
